2025-04-22 15:04:37,565 - DEBUG - Starting new HTTP connection (1): localhost:5000
2025-04-22 15:04:39,634 - DEBUG - http://localhost:5000 "GET /shop/passwords HTTP/1.1" 404 22
2025-04-22 15:04:44,080 - DEBUG - Starting new HTTP connection (1): localhost:5000
2025-04-22 15:04:46,129 - DEBUG - http://localhost:5000 "GET /shop/passwords HTTP/1.1" 404 22
2025-04-22 15:09:18,750 - DEBUG - Starting new HTTP connection (1): localhost:5000
2025-04-22 15:09:20,802 - DEBUG - http://localhost:5000 "GET /shop/passwords HTTP/1.1" 404 22
2025-04-22 15:09:21,991 - DEBUG - Starting new HTTP connection (1): localhost:5000
2025-04-22 15:09:24,022 - DEBUG - http://localhost:5000 "GET /shop/passwords HTTP/1.1" 404 22
2025-04-22 15:16:18,435 - DEBUG - Starting new HTTP connection (1): localhost:5000
2025-04-22 15:16:57,344 - DEBUG - Starting new HTTP connection (1): localhost:5000
2025-04-22 15:17:02,727 - DEBUG - Starting new HTTP connection (1): localhost:5000
2025-04-22 15:17:31,511 - DEBUG - Starting new HTTP connection (1): localhost:5000
2025-04-22 15:18:17,388 - DEBUG - Starting new HTTP connection (1): localhost:5000
2025-04-22 15:18:19,446 - DEBUG - http://localhost:5000 "GET /shop/password HTTP/1.1" 404 22
2025-04-22 15:34:23,944 - DEBUG - Starting new HTTP connection (1): localhost:5000
2025-04-22 15:34:25,980 - DEBUG - http://localhost:5000 "GET /shop/password HTTP/1.1" 404 22
2025-04-22 15:34:36,943 - DEBUG - Starting new HTTP connection (1): localhost:5000
2025-04-22 15:34:38,969 - DEBUG - http://localhost:5000 "GET /shop/password HTTP/1.1" 404 22
2025-04-22 15:40:49,252 - DEBUG - Starting new HTTP connection (1): localhost:5000
2025-04-22 15:40:51,333 - DEBUG - http://localhost:5000 "GET /api/shop/password HTTP/1.1" 200 135
2025-04-22 15:40:51,333 - DEBUG - Starting new HTTP connection (1): localhost:5000
2025-04-22 15:40:53,420 - DEBUG - http://localhost:5000 "GET /api/shop/password HTTP/1.1" 200 135
2025-04-22 15:40:54,278 - DEBUG - Starting new HTTP connection (1): localhost:5000
2025-04-22 15:40:56,333 - DEBUG - http://localhost:5000 "GET /api/orders?status%5B%5D=%D0%BF%D0%BE%D0%BB%D1%83%D1%87%D0%B5%D0%BD&status%5B%5D=%D0%B3%D0%BE%D1%82%D0%BE%D0%B2 HTTP/1.1" 405 31
2025-04-22 15:42:25,258 - DEBUG - Starting new HTTP connection (1): localhost:5000
2025-04-22 15:42:27,359 - DEBUG - http://localhost:5000 "GET /api/shop/password HTTP/1.1" 200 135
2025-04-22 15:42:27,362 - DEBUG - Starting new HTTP connection (1): localhost:5000
2025-04-22 15:42:29,415 - DEBUG - http://localhost:5000 "GET /api/shop/password HTTP/1.1" 200 135
2025-04-22 15:42:29,583 - DEBUG - Starting new HTTP connection (1): localhost:5000
2025-04-22 15:42:31,657 - DEBUG - http://localhost:5000 "GET /orders?status%5B%5D=%D0%BF%D0%BE%D0%BB%D1%83%D1%87%D0%B5%D0%BD&status%5B%5D=%D0%B3%D0%BE%D1%82%D0%BE%D0%B2 HTTP/1.1" 200 2
2025-04-22 15:43:48,216 - DEBUG - Starting new HTTP connection (1): localhost:5000
2025-04-22 15:43:50,259 - DEBUG - http://localhost:5000 "GET /orders?status%5B%5D=%D0%BF%D0%BE%D0%BB%D1%83%D1%87%D0%B5%D0%BD&status%5B%5D=%D0%B3%D0%BE%D1%82%D0%BE%D0%B2 HTTP/1.1" 200 2
2025-04-22 15:44:01,092 - DEBUG - Starting new HTTP connection (1): localhost:5000
2025-04-22 15:44:03,132 - DEBUG - http://localhost:5000 "GET /orders?status%5B%5D=%D0%BF%D0%BE%D0%BB%D1%83%D1%87%D0%B5%D0%BD&status%5B%5D=%D0%B3%D0%BE%D1%82%D0%BE%D0%B2 HTTP/1.1" 200 2
2025-04-22 15:44:08,766 - DEBUG - Starting new HTTP connection (1): localhost:5000
2025-04-22 15:44:10,816 - DEBUG - http://localhost:5000 "GET /orders?status%5B%5D=%D0%BF%D0%BE%D0%BB%D1%83%D1%87%D0%B5%D0%BD&status%5B%5D=%D0%B3%D0%BE%D1%82%D0%BE%D0%B2 HTTP/1.1" 200 2
2025-04-22 15:44:15,428 - DEBUG - Starting new HTTP connection (1): localhost:5000
2025-04-22 15:44:17,491 - DEBUG - http://localhost:5000 "GET /orders?status%5B%5D=%D0%BF%D0%BE%D0%BB%D1%83%D1%87%D0%B5%D0%BD&status%5B%5D=%D0%B3%D0%BE%D1%82%D0%BE%D0%B2 HTTP/1.1" 200 2
